  ContentManager.cpp
D:\Projetos\c++\OpenGL\3D_RenderingFramework\3D_Rendering_Framework\3D_Rendering_Framework\ContentManager.h(18,2): warning C4091: 'static ': ignored on left of 'ContentManager' when no variable is declared
  (compiling source file 'ContentManager.cpp')
  
  EBO.cpp
  Renderer.cpp
D:\Projetos\c++\OpenGL\3D_RenderingFramework\3D_Rendering_Framework\3D_Rendering_Framework\Renderer.cpp(84,50): warning C4244: 'argument': conversion from 'double' to 'GLfloat', possible loss of data
  Shader.cpp
  Source.cpp
D:\Projetos\c++\OpenGL\3D_RenderingFramework\3D_Rendering_Framework\3D_Rendering_Framework\ContentManager.h(18,2): warning C4091: 'static ': ignored on left of 'ContentManager' when no variable is declared
  (compiling source file 'Source.cpp')
  
D:\Projetos\c++\OpenGL\3D_RenderingFramework\3D_Rendering_Framework\3D_Rendering_Framework\Source.cpp(61,30): warning C4244: '=': conversion from 'double' to 'T', possible loss of data
D:\Projetos\c++\OpenGL\3D_RenderingFramework\3D_Rendering_Framework\3D_Rendering_Framework\Source.cpp(61,30): warning C4244:         with
D:\Projetos\c++\OpenGL\3D_RenderingFramework\3D_Rendering_Framework\3D_Rendering_Framework\Source.cpp(61,30): warning C4244:         [
D:\Projetos\c++\OpenGL\3D_RenderingFramework\3D_Rendering_Framework\3D_Rendering_Framework\Source.cpp(61,30): warning C4244:             T=float
D:\Projetos\c++\OpenGL\3D_RenderingFramework\3D_Rendering_Framework\3D_Rendering_Framework\Source.cpp(61,30): warning C4244:         ]
D:\Projetos\c++\OpenGL\3D_RenderingFramework\3D_Rendering_Framework\3D_Rendering_Framework\Source.cpp(62,45): warning C4244: '=': conversion from 'double' to 'T', possible loss of data
D:\Projetos\c++\OpenGL\3D_RenderingFramework\3D_Rendering_Framework\3D_Rendering_Framework\Source.cpp(62,45): warning C4244:         with
D:\Projetos\c++\OpenGL\3D_RenderingFramework\3D_Rendering_Framework\3D_Rendering_Framework\Source.cpp(62,45): warning C4244:         [
D:\Projetos\c++\OpenGL\3D_RenderingFramework\3D_Rendering_Framework\3D_Rendering_Framework\Source.cpp(62,45): warning C4244:             T=float
D:\Projetos\c++\OpenGL\3D_RenderingFramework\3D_Rendering_Framework\3D_Rendering_Framework\Source.cpp(62,45): warning C4244:         ]
  VAO.cpp
D:\Projetos\c++\OpenGL\3D_RenderingFramework\3D_Rendering_Framework\3D_Rendering_Framework\VAO.cpp(22,63): warning C4244: 'argument': conversion from 'GLsizeiptr' to 'GLsizei', possible loss of data
  VBO.cpp
  Window.cpp
  Generating Code...
  3D_Rendering_Framework.vcxproj -> D:\Projetos\c++\OpenGL\3D_RenderingFramework\3D_Rendering_Framework\x64\Debug\3D_Rendering_Framework.exe
