d:\projetos\c++\opengl\3d_renderingframework\3d_rendering_framework\3d_rendering_framework\x64\debug\vc143.pdb
d:\projetos\c++\opengl\3d_renderingframework\3d_rendering_framework\3d_rendering_framework\x64\debug\vc143.idb
d:\projetos\c++\opengl\3d_renderingframework\3d_rendering_framework\3d_rendering_framework\x64\debug\glad.obj
d:\projetos\c++\opengl\3d_renderingframework\3d_rendering_framework\3d_rendering_framework\x64\debug\vbo.obj
d:\projetos\c++\opengl\3d_renderingframework\3d_rendering_framework\3d_rendering_framework\x64\debug\vao.obj
d:\projetos\c++\opengl\3d_renderingframework\3d_rendering_framework\3d_rendering_framework\x64\debug\shader.obj
d:\projetos\c++\opengl\3d_renderingframework\3d_rendering_framework\3d_rendering_framework\x64\debug\ebo.obj
d:\projetos\c++\opengl\3d_renderingframework\3d_rendering_framework\3d_rendering_framework\x64\debug\contentmanager.obj
d:\projetos\c++\opengl\3d_renderingframework\3d_rendering_framework\3d_rendering_framework\x64\debug\source.obj
d:\projetos\c++\opengl\3d_renderingframework\3d_rendering_framework\3d_rendering_framework\x64\debug\renderer.obj
d:\projetos\c++\opengl\3d_renderingframework\3d_rendering_framework\3d_rendering_framework\x64\debug\window.obj
d:\projetos\c++\opengl\3d_renderingframework\3d_rendering_framework\x64\debug\3d_rendering_framework.exe
d:\projetos\c++\opengl\3d_renderingframework\3d_rendering_framework\x64\debug\3d_rendering_framework.pdb
d:\projetos\c++\opengl\3d_renderingframework\3d_rendering_framework\3d_rendering_framework\x64\debug\3d_rendering_framework.ilk
d:\projetos\c++\opengl\3d_renderingframework\3d_rendering_framework\3d_rendering_framework\x64\debug\3d_rendering_framework.obj
d:\projetos\c++\opengl\3d_renderingframework\3d_rendering_framework\3d_rendering_framework\x64\debug\3d_rende.0d95c625.tlog\cl.command.1.tlog
d:\projetos\c++\opengl\3d_renderingframework\3d_rendering_framework\3d_rendering_framework\x64\debug\3d_rende.0d95c625.tlog\cl.items.tlog
d:\projetos\c++\opengl\3d_renderingframework\3d_rendering_framework\3d_rendering_framework\x64\debug\3d_rende.0d95c625.tlog\cl.read.1.tlog
d:\projetos\c++\opengl\3d_renderingframework\3d_rendering_framework\3d_rendering_framework\x64\debug\3d_rende.0d95c625.tlog\cl.write.1.tlog
d:\projetos\c++\opengl\3d_renderingframework\3d_rendering_framework\3d_rendering_framework\x64\debug\3d_rende.0d95c625.tlog\link.command.1.tlog
d:\projetos\c++\opengl\3d_renderingframework\3d_rendering_framework\3d_rendering_framework\x64\debug\3d_rende.0d95c625.tlog\link.read.1.tlog
d:\projetos\c++\opengl\3d_renderingframework\3d_rendering_framework\3d_rendering_framework\x64\debug\3d_rende.0d95c625.tlog\link.secondary.1.tlog
d:\projetos\c++\opengl\3d_renderingframework\3d_rendering_framework\3d_rendering_framework\x64\debug\3d_rende.0d95c625.tlog\link.write.1.tlog
